<?xml version="1.0" encoding="UTF-8"?>
<testsuite xmlns:xsi="http://www.w3.org/2001/XMLSchema-instance" xsi:noNamespaceSchemaLocation="https://maven.apache.org/surefire/maven-surefire-plugin/xsd/surefire-test-report-3.0.xsd" version="3.0" name="testRunner.TestRun" time="55.759" tests="3" errors="0" skipped="0" failures="1">
  <properties>
[...]
</properties>
  <testcase name="Successful Login with valid credentails" classname="HooksConcept" time="20.282">
    <system-out><![CDATA[
Scenario: Successful Login with valid credentails                         # Features/HooksConcept.feature:4
Inside browser setup
  Given User opens URL "http://admin-demo.nopcommerce.com/login"          # hookStepDefinitions.HooksBasedSteps.user_opens_URL(java.lang.String)
  When User enters Email as "admin@yourstore.com" and Password as "admin" # hookStepDefinitions.HooksBasedSteps.user_enters_Email_as_and_Password_as(java.lang.String,java.lang.String)
  And Click on Login                                                      # hookStepDefinitions.HooksBasedSteps.click_on_Login()
  Then Page Title should be "Dashboard / nopCommerce administration"      # hookStepDefinitions.HooksBasedSteps.page_Title_should_be(java.lang.String)
  When User click on Log out link                                         # hookStepDefinitions.HooksBasedSteps.user_click_on_Log_out_link()
  Then Page Title should be "Your store. Login"                           # hookStepDefinitions.HooksBasedSteps.page_Title_should_be(java.lang.String)
Inside teardown
]]></system-out>
    <system-err><![CDATA[Jan 18, 2023 3:48:17 PM io.cucumber.junit.Cucumber <init>
WARNING: By default Cucumber is running in --non-strict mode.
This default will change to --strict and --non-strict will be removed.
You can use --strict or @CucumberOptions(strict = true) to suppress this warning
Jan 18, 2023 3:48:17 PM io.cucumber.junit.Cucumber <init>
WARNING: By default Cucumber is running in --non-strict mode.
This default will change to --strict and --non-strict will be removed.
You can use --strict or @CucumberOptions(strict = true) to suppress this warning
Starting ChromeDriver 109.0.5414.74 (e7c5703604daa9cc128ccf5a5d3e993513758913-refs/branch-heads/5414@{#1172}) on port 47797
Only local connections are allowed.
Please see https://chromedriver.chromium.org/security-considerations for suggestions on keeping ChromeDriver safe.
ChromeDriver was started successfully.
Jan 18, 2023 3:48:21 PM org.openqa.selenium.remote.ProtocolHandshake createSession
INFO: Detected dialect: W3C
]]></system-err>
  </testcase>
  <testcase name="View Add new Customer page" classname="HooksConcept" time="25.997">
    <system-out><![CDATA[
Scenario Outline: View Add new Customer page                              # Features/HooksConcept.feature:25
Inside browser setup
  Given User opens URL "http://admin-demo.nopcommerce.com/login>"         # hookStepDefinitions.HooksBasedSteps.user_opens_URL(java.lang.String)
  When User enters Email as "admin@yourstore.com" and Password as "admin" # hookStepDefinitions.HooksBasedSteps.user_enters_Email_as_and_Password_as(java.lang.String,java.lang.String)
  And Click on Login                                                      # hookStepDefinitions.HooksBasedSteps.click_on_Login()
  Then User can view Dashboard                                            # hookStepDefinitions.HooksBasedSteps.user_can_view_Dashboard()
  When User click on customers Menu                                       # hookStepDefinitions.HooksBasedSteps.user_click_on_customers_Menu()
  And click on customers Menu Item                                        # hookStepDefinitions.HooksBasedSteps.click_on_customers_Menu_Item()
  And click on Add new button                                             # hookStepDefinitions.HooksBasedSteps.click_on_Add_new_button()
  Then User can view Add new customer page                                # hookStepDefinitions.HooksBasedSteps.user_can_view_Add_new_customer_page()
Inside teardown
]]></system-out>
    <system-err><![CDATA[Starting ChromeDriver 109.0.5414.74 (e7c5703604daa9cc128ccf5a5d3e993513758913-refs/branch-heads/5414@{#1172}) on port 36997
Only local connections are allowed.
Please see https://chromedriver.chromium.org/security-considerations for suggestions on keeping ChromeDriver safe.
ChromeDriver was started successfully.
Jan 18, 2023 3:48:40 PM org.openqa.selenium.remote.ProtocolHandshake createSession
INFO: Detected dialect: W3C
]]></system-err>
  </testcase>
  <testcase name="View Add new Customer page" classname="HooksConcept" time="8.544">
    <failure type="junit.framework.ComparisonFailure"><![CDATA[junit.framework.ComparisonFailure: expected:<[Dashboard / nopCommerce administratio]n> but was:<[Your store. Logi]n>
]]></failure>
    <system-out><![CDATA[
Scenario Outline: View Add new Customer page                                  # Features/HooksConcept.feature:26
Inside browser setup
  Given User opens URL "http://admin-demo.nopcommerce.com/login>"             # hookStepDefinitions.HooksBasedSteps.user_opens_URL(java.lang.String)
  When User enters Email as "admin1@yourstore.com" and Password as "admin123" # hookStepDefinitions.HooksBasedSteps.user_enters_Email_as_and_Password_as(java.lang.String,java.lang.String)
  And Click on Login                                                          # hookStepDefinitions.HooksBasedSteps.click_on_Login()
  Then User can view Dashboard                                                # hookStepDefinitions.HooksBasedSteps.user_can_view_Dashboard()
      junit.framework.ComparisonFailure: expected:<[Dashboard / nopCommerce administratio]n> but was:<[Your store. Logi]n>
	at junit.framework.Assert.assertEquals(Assert.java:100)
	at junit.framework.Assert.assertEquals(Assert.java:107)
	at hookStepDefinitions.HooksBasedSteps.user_can_view_Dashboard(HooksBasedSteps.java:93)
	at ?.User can view Dashboard(file:///C:/Users/ankittolambiya/eclipse-workspace/PAPSeleniumCucumberProject/Features/HooksConcept.feature:17)

  When User click on customers Menu                                           # hookStepDefinitions.HooksBasedSteps.user_click_on_customers_Menu()
  And click on customers Menu Item                                            # hookStepDefinitions.HooksBasedSteps.click_on_customers_Menu_Item()
  And click on Add new button                                                 # hookStepDefinitions.HooksBasedSteps.click_on_Add_new_button()
  Then User can view Add new customer page                                    # hookStepDefinitions.HooksBasedSteps.user_can_view_Add_new_customer_page()
Inside teardown
]]></system-out>
    <system-err><![CDATA[Starting ChromeDriver 109.0.5414.74 (e7c5703604daa9cc128ccf5a5d3e993513758913-refs/branch-heads/5414@{#1172}) on port 34998
Only local connections are allowed.
Please see https://chromedriver.chromium.org/security-considerations for suggestions on keeping ChromeDriver safe.
ChromeDriver was started successfully.
Jan 18, 2023 3:49:06 PM org.openqa.selenium.remote.ProtocolHandshake createSession
INFO: Detected dialect: W3C
]]></system-err>
  </testcase>
</testsuite>