-------------------------------------------------------------------------------
Test set: testRunner.TestRun
-------------------------------------------------------------------------------
Tests run: 3, Failures: 1, Errors: 0, Skipped: 0, Time elapsed: 55.759 s <<< FAILURE! - in testRunner.TestRun
HooksConcept.View Add new Customer page  Time elapsed: 8.544 s  <<< FAILURE!
junit.framework.ComparisonFailure: expected:<[Dashboard / nopCommerce administratio]n> but was:<[Your store. Logi]n>

